[2016-09-28 08:46:08] debug.INFO: Logger.__construct
[2016-09-28 08:46:08] debug.INFO: Logger.getLogger
[2016-09-28 08:46:08] debug.DEBUG: /hello/add
[2016-09-28 08:47:02] debug.INFO: Logger.__construct
[2016-09-28 08:47:02] debug.INFO: Logger.getLogger
[2016-09-28 08:47:02] debug.DEBUG: /hello/add
[2016-09-28 08:47:02] debug.INFO: Logger.getLogger
[2016-09-28 08:47:02] debug.DEBUG: controller\dump\HellosController\__construct
[2016-09-28 08:47:02] debug.DEBUG: controller\dump\HellosController\add
[2016-09-28 08:47:39] debug.INFO: Logger.__construct
[2016-09-28 08:47:39] debug.INFO: Logger.getLogger
[2016-09-28 08:47:39] debug.DEBUG: /hello/add
[2016-09-28 08:47:46] debug.INFO: Logger.__construct
[2016-09-28 08:47:46] debug.INFO: Logger.getLogger
[2016-09-28 08:47:46] debug.DEBUG: /hello/add
[2016-09-28 08:47:46] debug.INFO: Logger.getLogger
[2016-09-28 08:47:46] debug.DEBUG: controller\dump\HellosController\__construct
[2016-09-28 08:47:46] debug.DEBUG: controller\dump\HellosController\add
[2016-09-28 08:58:53] debug.INFO: Logger.__construct
[2016-09-28 08:58:53] debug.INFO: Logger.getLogger
[2016-09-28 08:58:53] debug.DEBUG: /hello/add
[2016-09-28 08:58:53] debug.INFO: Logger.getLogger
[2016-09-28 08:58:53] debug.DEBUG: controller\dump\HellosController\__construct
[2016-09-28 08:58:53] debug.DEBUG: controller\dump\HellosController\add
